<?xml version="1.0" encoding="UTF-8"?>
<testng-results skipped="0" failed="0" ignored="0" total="3" passed="3">
  <reporter-output>
  </reporter-output>
  <suite name="Suite" duration-ms="62131" started-at="2020-06-19T12:27:58Z" finished-at="2020-06-19T12:29:00Z">
    <groups>
      <group name="solution1">
        <method signature="Question1.searchIntendedPlaceAndVerify()[pri:1, instance:testcases.Question1@47c62251]" name="searchIntendedPlaceAndVerify" class="testcases.Question1"/>
      </group> <!-- solution1 -->
      <group name="solution2">
        <method signature="Question2.verifyTitleAndPrintLogoSize()[pri:2, instance:testcases.Question2@3e6fa38a]" name="verifyTitleAndPrintLogoSize" class="testcases.Question2"/>
      </group> <!-- solution2 -->
      <group name="solution3">
        <method signature="Question3.calculator()[pri:3, instance:testcases.Question3@66a3ffec]" name="calculator" class="testcases.Question3"/>
      </group> <!-- solution3 -->
    </groups>
    <test name="Test1" duration-ms="62131" started-at="2020-06-19T12:27:58Z" finished-at="2020-06-19T12:29:00Z">
      <class name="testcases.Question3">
        <test-method status="PASS" signature="beforeGroup3()[pri:0, instance:testcases.Question3@66a3ffec]" name="beforeGroup3" is-config="true" duration-ms="7643" started-at="2020-06-19T12:28:52Z" finished-at="2020-06-19T12:29:00Z">
          <reporter-output>
          </reporter-output>
        </test-method> <!-- beforeGroup3 -->
        <test-method status="PASS" signature="calculator()[pri:3, instance:testcases.Question3@66a3ffec]" name="calculator" duration-ms="722" started-at="2020-06-19T12:29:00Z" finished-at="2020-06-19T12:29:00Z">
          <reporter-output>
          </reporter-output>
        </test-method> <!-- calculator -->
        <test-method status="PASS" signature="quiteDriverSession()[pri:0, instance:testcases.Question3@66a3ffec]" name="quiteDriverSession" is-config="true" duration-ms="1549" started-at="2020-06-19T12:29:01Z" finished-at="2020-06-19T12:29:02Z">
          <reporter-output>
          </reporter-output>
        </test-method> <!-- quiteDriverSession -->
      </class> <!-- testcases.Question3 -->
      <class name="testcases.Question2">
        <test-method status="PASS" signature="beforeGroup2()[pri:0, instance:testcases.Question2@3e6fa38a]" name="beforeGroup2" is-config="true" duration-ms="22120" started-at="2020-06-19T12:28:28Z" finished-at="2020-06-19T12:28:50Z">
          <reporter-output>
          </reporter-output>
        </test-method> <!-- beforeGroup2 -->
        <test-method status="PASS" signature="verifyTitleAndPrintLogoSize()[pri:2, instance:testcases.Question2@3e6fa38a]" name="verifyTitleAndPrintLogoSize" duration-ms="145" started-at="2020-06-19T12:28:50Z" finished-at="2020-06-19T12:28:51Z">
          <reporter-output>
          </reporter-output>
        </test-method> <!-- verifyTitleAndPrintLogoSize -->
        <test-method status="PASS" signature="tearDown2()[pri:0, instance:testcases.Question2@3e6fa38a]" name="tearDown2" is-config="true" duration-ms="1554" started-at="2020-06-19T12:28:51Z" finished-at="2020-06-19T12:28:52Z">
          <reporter-output>
          </reporter-output>
        </test-method> <!-- tearDown2 -->
      </class> <!-- testcases.Question2 -->
      <class name="testcases.Question1">
        <test-method status="PASS" signature="beforeGroup()[pri:0, instance:testcases.Question1@47c62251]" name="beforeGroup" is-config="true" duration-ms="17643" started-at="2020-06-19T12:27:58Z" finished-at="2020-06-19T12:28:16Z">
          <reporter-output>
          </reporter-output>
        </test-method> <!-- beforeGroup -->
        <test-method status="PASS" signature="searchIntendedPlaceAndVerify()[pri:1, instance:testcases.Question1@47c62251]" name="searchIntendedPlaceAndVerify" duration-ms="11937" started-at="2020-06-19T12:28:16Z" finished-at="2020-06-19T12:28:28Z">
          <reporter-output>
          </reporter-output>
        </test-method> <!-- searchIntendedPlaceAndVerify -->
        <test-method status="PASS" signature="tearDown()[pri:0, instance:testcases.Question1@47c62251]" name="tearDown" is-config="true" duration-ms="300" started-at="2020-06-19T12:28:28Z" finished-at="2020-06-19T12:28:28Z">
          <reporter-output>
          </reporter-output>
        </test-method> <!-- tearDown -->
      </class> <!-- testcases.Question1 -->
    </test> <!-- Test1 -->
  </suite> <!-- Suite -->
</testng-results>
